<?xml version="1.0" encoding="UTF-8"?>
<!-- Generated by org.testng.reporters.JUnitReportReporter -->
<testsuite hostname="DESKTOP-QVM6J4J" failures="0" tests="1" name="com.Test.Test_1" time="5.399" errors="0" timestamp="2022-12-08T09:34:50 IST" skipped="0">
  <testcase classname="com.Test.Test_1" name="verify_loginpage" time="5.399"/>
  <system-out/>
</testsuite> <!-- com.Test.Test_1 -->
